<?xml version="1.0" encoding="UTF-8"?>
<testsuite xmlns:xsi="http://www.w3.org/2001/XMLSchema-instance" xsi:noNamespaceSchemaLocation="https://maven.apache.org/surefire/maven-surefire-plugin/xsd/surefire-test-report.xsd" version="3.0.2" name="TestSuite" time="11.672" tests="4" errors="0" skipped="0" failures="0">
  <properties>
[...]
</properties>
  <testcase name="loginPageTitleTest" classname="com.qa.swaglabs.tests.LoginTest" time="0.146">
    <system-out><![CDATA[...
... TestNG 7.10.2 by Cédric Beust (cedric@beust.com)
...

I am in on Start method Swag Labs Test chrome
I am in on TestStart method addProductToCartTest start
I am in on TestStart method loginPageTitleTest start
]]></system-out>
    <system-err><![CDATA[SLF4J(W): No SLF4J providers were found.
SLF4J(W): Defaulting to no-operation (NOP) logger implementation
SLF4J(W): See https://www.slf4j.org/codes.html#noProviders for further details.
Jul 28, 2024 7:46:51 PM org.openqa.selenium.devtools.CdpVersionFinder findNearestMatch
WARNING: Unable to find an exact match for CDP version 127, returning the closest version; found: 126; Please update to a Selenium version that supports CDP version 127
Jul 28, 2024 7:46:51 PM org.openqa.selenium.devtools.CdpVersionFinder findNearestMatch
WARNING: Unable to find an exact match for CDP version 127, returning the closest version; found: 126; Please update to a Selenium version that supports CDP version 127
]]></system-err>
  </testcase>
  <testcase name="loginIntoAppTest" classname="com.qa.swaglabs.tests.LoginTest" time="0.753">
    <system-out><![CDATA[I am in on TestSuccess method loginPageTitleTest succeed
I am in on TestStart method loginIntoAppTest start
]]></system-out>
    <system-err><![CDATA[Jul 28, 2024 7:46:53 PM org.openqa.selenium.devtools.CdpVersionFinder findNearestMatch
WARNING: Unable to find an exact match for CDP version 127, returning the closest version; found: 126; Please update to a Selenium version that supports CDP version 127
]]></system-err>
  </testcase>
  <testcase name="lockedOutUserTest" classname="com.qa.swaglabs.tests.LoginTest" time="0.55">
    <system-out><![CDATA[I am in on TestSuccess method addProductToCartTest succeed
]]></system-out>
  </testcase>
  <testcase name="addProductToCartTest" classname="com.qa.swaglabs.tests.AddProductToCartTest" time="0.331">
    <system-out><![CDATA[I am in on TestSuccess method loginIntoAppTest succeed
I am in on TestStart method lockedOutUserTest start
]]></system-out>
    <system-err><![CDATA[Jul 28, 2024 7:46:55 PM org.openqa.selenium.devtools.CdpVersionFinder findNearestMatch
WARNING: Unable to find an exact match for CDP version 127, returning the closest version; found: 126; Please update to a Selenium version that supports CDP version 127
]]></system-err>
  </testcase>
</testsuite>