<?xml version="1.0" encoding="UTF-8"?>
<testng-results ignored="0" total="4" passed="3" failed="1" skipped="0">
  <reporter-output>
  </reporter-output>
  <suite started-at="2024-08-01T23:38:16 IST" name="Testing Swag Labs Testcase Suite" finished-at="2024-08-01T23:38:28 IST" duration-ms="11740">
    <groups>
      <group name="login">
        <method signature="AddProductToCartTest.addProductToCartTest()[pri:1, instance:com.qa.swaglabs.tests.AddProductToCartTest@14008db3]" name="addProductToCartTest" class="com.qa.swaglabs.tests.AddProductToCartTest"/>
        <method signature="LoginTest.loginPageTitleTest()[pri:1, instance:com.qa.swaglabs.tests.LoginTest@a82c5f1]" name="loginPageTitleTest" class="com.qa.swaglabs.tests.LoginTest"/>
        <method signature="LoginTest.loginIntoAppTest()[pri:2, instance:com.qa.swaglabs.tests.LoginTest@a82c5f1]" name="loginIntoAppTest" class="com.qa.swaglabs.tests.LoginTest"/>
      </group> <!-- login -->
    </groups>
    <test started-at="2024-08-01T23:38:16 IST" name="Swag Labs Test chrome" finished-at="2024-08-01T23:38:28 IST" duration-ms="11740">
      <class name="com.qa.swaglabs.tests.AddProductToCartTest">
        <test-method is-config="true" signature="launchApp()[pri:0, instance:com.qa.swaglabs.tests.AddProductToCartTest@14008db3]" started-at="2024-08-01T23:38:16 IST" name="launchApp" finished-at="2024-08-01T23:38:23 IST" duration-ms="6979" status="PASS">
          <reporter-output>
          </reporter-output>
        </test-method> <!-- launchApp -->
        <test-method signature="addProductToCartTest()[pri:1, instance:com.qa.swaglabs.tests.AddProductToCartTest@14008db3]" started-at="2024-08-01T23:38:23 IST" name="addProductToCartTest" description="Verify the add to Product cart flow test" finished-at="2024-08-01T23:38:27 IST" duration-ms="3789" status="PASS">
          <reporter-output>
          </reporter-output>
        </test-method> <!-- addProductToCartTest -->
        <test-method is-config="true" signature="tearDown()[pri:0, instance:com.qa.swaglabs.tests.AddProductToCartTest@14008db3]" started-at="2024-08-01T23:38:27 IST" name="tearDown" finished-at="2024-08-01T23:38:27 IST" duration-ms="302" status="PASS">
          <reporter-output>
          </reporter-output>
        </test-method> <!-- tearDown -->
      </class> <!-- com.qa.swaglabs.tests.AddProductToCartTest -->
      <class name="com.qa.swaglabs.tests.LoginTest">
        <test-method is-config="true" signature="launchApp()[pri:0, instance:com.qa.swaglabs.tests.LoginTest@a82c5f1]" started-at="2024-08-01T23:38:16 IST" name="launchApp" finished-at="2024-08-01T23:38:23 IST" duration-ms="6979" status="PASS">
          <reporter-output>
          </reporter-output>
        </test-method> <!-- launchApp -->
        <test-method signature="loginPageTitleTest()[pri:1, instance:com.qa.swaglabs.tests.LoginTest@a82c5f1]" started-at="2024-08-01T23:38:23 IST" name="loginPageTitleTest" description="Verify the login page title test" finished-at="2024-08-01T23:38:23 IST" duration-ms="49" status="FAIL">
          <exception class="java.lang.AssertionError">
            <message>
              <![CDATA[expected [Swag Labs1] but found [Swag Labs]]]>
            </message>
            <full-stacktrace>
              <![CDATA[java.lang.AssertionError: expected [Swag Labs1] but found [Swag Labs]
at org.testng.Assert.fail(Assert.java:111)
at org.testng.Assert.failNotEquals(Assert.java:1578)
at org.testng.Assert.assertEqualsImpl(Assert.java:150)
at org.testng.Assert.assertEquals(Assert.java:132)
at org.testng.Assert.assertEquals(Assert.java:656)
at org.testng.Assert.assertEquals(Assert.java:666)
at com.qa.swaglabs.tests.LoginTest.loginPageTitleTest(LoginTest.java:16)
at java.base/jdk.internal.reflect.DirectMethodHandleAccessor.invoke(DirectMethodHandleAccessor.java:103)
at java.base/java.lang.reflect.Method.invoke(Method.java:580)
at org.testng.internal.invokers.MethodInvocationHelper.invokeMethod(MethodInvocationHelper.java:141)
at org.testng.internal.invokers.TestInvoker.invokeMethod(TestInvoker.java:686)
at org.testng.internal.invokers.TestInvoker.invokeTestMethod(TestInvoker.java:230)
at org.testng.internal.invokers.MethodRunner.runInSequence(MethodRunner.java:63)
at org.testng.internal.invokers.TestInvoker$MethodInvocationAgent.invoke(TestInvoker.java:992)
at org.testng.internal.invokers.TestInvoker.invokeTestMethods(TestInvoker.java:203)
at org.testng.internal.invokers.TestMethodWorker.invokeTestMethods(TestMethodWorker.java:154)
at org.testng.internal.invokers.TestMethodWorker.run(TestMethodWorker.java:134)
at java.base/java.util.concurrent.Executors$RunnableAdapter.call(Executors.java:572)
at java.base/java.util.concurrent.FutureTask.run(FutureTask.java:317)
at org.testng.internal.thread.graph.TestNGFutureTask.run(TestNGFutureTask.java:22)
at java.base/java.util.concurrent.ThreadPoolExecutor.runWorker(ThreadPoolExecutor.java:1144)
at java.base/java.util.concurrent.ThreadPoolExecutor$Worker.run(ThreadPoolExecutor.java:642)
at java.base/java.lang.Thread.run(Thread.java:1570)
]]>
            </full-stacktrace>
          </exception> <!-- java.lang.AssertionError -->
          <reporter-output>
          </reporter-output>
        </test-method> <!-- loginPageTitleTest -->
        <test-method is-config="true" signature="tearDown()[pri:0, instance:com.qa.swaglabs.tests.LoginTest@a82c5f1]" started-at="2024-08-01T23:38:23 IST" name="tearDown" finished-at="2024-08-01T23:38:24 IST" duration-ms="418" status="PASS">
          <reporter-output>
          </reporter-output>
        </test-method> <!-- tearDown -->
        <test-method is-config="true" signature="launchApp()[pri:0, instance:com.qa.swaglabs.tests.LoginTest@a82c5f1]" started-at="2024-08-01T23:38:24 IST" name="launchApp" finished-at="2024-08-01T23:38:25 IST" duration-ms="1120" status="PASS">
          <reporter-output>
          </reporter-output>
        </test-method> <!-- launchApp -->
        <test-method signature="loginIntoAppTest()[pri:2, instance:com.qa.swaglabs.tests.LoginTest@a82c5f1]" started-at="2024-08-01T23:38:25 IST" name="loginIntoAppTest" description="Verify the login into the Application test" finished-at="2024-08-01T23:38:26 IST" duration-ms="976" status="PASS">
          <reporter-output>
          </reporter-output>
        </test-method> <!-- loginIntoAppTest -->
        <test-method is-config="true" signature="tearDown()[pri:0, instance:com.qa.swaglabs.tests.LoginTest@a82c5f1]" started-at="2024-08-01T23:38:26 IST" name="tearDown" finished-at="2024-08-01T23:38:26 IST" duration-ms="238" status="PASS">
          <reporter-output>
          </reporter-output>
        </test-method> <!-- tearDown -->
        <test-method is-config="true" signature="launchApp()[pri:0, instance:com.qa.swaglabs.tests.LoginTest@a82c5f1]" started-at="2024-08-01T23:38:26 IST" name="launchApp" finished-at="2024-08-01T23:38:27 IST" duration-ms="1052" status="PASS">
          <reporter-output>
          </reporter-output>
        </test-method> <!-- launchApp -->
        <test-method signature="lockedOutUserTest()[pri:3, instance:com.qa.swaglabs.tests.LoginTest@a82c5f1]" started-at="2024-08-01T23:38:27 IST" name="lockedOutUserTest" description="Verify the lockedout user login into the Application test" finished-at="2024-08-01T23:38:27 IST" duration-ms="304" status="PASS">
          <reporter-output>
          </reporter-output>
        </test-method> <!-- lockedOutUserTest -->
        <test-method is-config="true" signature="tearDown()[pri:0, instance:com.qa.swaglabs.tests.LoginTest@a82c5f1]" started-at="2024-08-01T23:38:27 IST" name="tearDown" finished-at="2024-08-01T23:38:28 IST" duration-ms="220" status="PASS">
          <reporter-output>
          </reporter-output>
        </test-method> <!-- tearDown -->
      </class> <!-- com.qa.swaglabs.tests.LoginTest -->
    </test> <!-- Swag Labs Test chrome -->
  </suite> <!-- Testing Swag Labs Testcase Suite -->
</testng-results>
