<?xml version="1.0" encoding="UTF-8"?>
<!-- Generated by org.testng.reporters.JUnitXMLReporter -->
<testsuite ignored="0" hostname="BOOK-KGT1HJ2FI7" failures="1" tests="6" name="Swag Labs Test chrome" time="9.598" errors="0" timestamp="2024-08-08T20:23:57 IST">
  <testcase classname="com.qa.swaglabs.tests.LoginTest" name="loginPageTitleTest" time="0.032">
    <skipped/>
  </testcase> <!-- loginPageTitleTest -->
  <testcase classname="com.qa.swaglabs.tests.LoginTest" name="loginPageTitleTest" time="0.011">
    <skipped/>
  </testcase> <!-- loginPageTitleTest -->
  <testcase classname="com.qa.swaglabs.tests.LoginTest" name="loginPageTitleTest" time="0.021">
    <failure type="java.lang.AssertionError" message="expected [Swag Labs12] but found [Swag Labs]">
      <![CDATA[java.lang.AssertionError: expected [Swag Labs12] but found [Swag Labs]
at org.testng.Assert.fail(Assert.java:99)
at org.testng.Assert.failNotEquals(Assert.java:1037)
at org.testng.Assert.assertEqualsImpl(Assert.java:140)
at org.testng.Assert.assertEquals(Assert.java:122)
at org.testng.Assert.assertEquals(Assert.java:629)
at org.testng.Assert.assertEquals(Assert.java:639)
at com.qa.swaglabs.tests.LoginTest.loginPageTitleTest(LoginTest.java:16)
at java.base/jdk.internal.reflect.DirectMethodHandleAccessor.invoke(DirectMethodHandleAccessor.java:103)
at java.base/java.lang.reflect.Method.invoke(Method.java:580)
at org.testng.internal.MethodInvocationHelper.invokeMethod(MethodInvocationHelper.java:133)
at org.testng.internal.TestInvoker.invokeMethod(TestInvoker.java:598)
at org.testng.internal.TestInvoker.retryFailed(TestInvoker.java:213)
at org.testng.internal.MethodRunner.runInSequence(MethodRunner.java:58)
at org.testng.internal.TestInvoker$MethodInvocationAgent.invoke(TestInvoker.java:824)
at org.testng.internal.TestInvoker.invokeTestMethods(TestInvoker.java:146)
at org.testng.internal.TestMethodWorker.invokeTestMethods(TestMethodWorker.java:146)
at org.testng.internal.TestMethodWorker.run(TestMethodWorker.java:128)
at java.base/java.util.concurrent.ThreadPoolExecutor.runWorker(ThreadPoolExecutor.java:1144)
at java.base/java.util.concurrent.ThreadPoolExecutor$Worker.run(ThreadPoolExecutor.java:642)
at java.base/java.lang.Thread.run(Thread.java:1570)
]]>
    </failure>
  </testcase> <!-- loginPageTitleTest -->
  <testcase classname="com.qa.swaglabs.tests.AddProductToCartTest" name="addProductToCartTest" time="3.848"/>
  <testcase classname="com.qa.swaglabs.tests.LoginTest" name="loginIntoAppTest" time="0.688"/>
  <testcase classname="com.qa.swaglabs.tests.LoginTest" name="lockedOutUserTest" time="0.525"/>
</testsuite> <!-- Swag Labs Test chrome -->
